<?xml version="1.0" encoding="UTF-8"?>
<!-- Generated by org.testng.reporters.JUnitXMLReporter -->
<testsuite ignored="0" hostname="DESKTOP-1L0L2LI" failures="0" tests="10" name="Default test" time="461.728" errors="0" timestamp="2022-01-19T11:47:59 IST">
  <testcase classname="runner.WebApp" name="test1" time="40.587"/>
  <testcase classname="runner.WebApp" name="test2" time="41.373"/>
  <testcase classname="runner.WebApp" name="test3" time="0.683"/>
  <testcase classname="runner.WebApp" name="test4" time="2.403"/>
  <testcase classname="runner.WebApp" name="test5" time="44.444"/>
  <testcase classname="runner.WebApp" name="test6" time="18.423"/>
  <testcase classname="runner.WebApp" name="test7" time="23.033"/>
  <testcase classname="runner.WebApp" name="test8" time="54.816"/>
  <testcase classname="runner.WebApp" name="test9" time="42.247"/>
  <testcase classname="runner.WebApp" name="test10" time="17.947"/>
</testsuite> <!-- Default test -->
