<?xml version="1.0" encoding="UTF-8"?>
<testng-results ignored="0" total="10" passed="10" failed="0" skipped="0">
  <reporter-output>
  </reporter-output>
  <suite started-at="2022-01-19T11:40:17 IST" name="Default suite" finished-at="2022-01-19T11:47:59 IST" duration-ms="461728">
    <groups>
    </groups>
    <test started-at="2022-01-19T11:40:17 IST" name="Default test" finished-at="2022-01-19T11:47:59 IST" duration-ms="461728">
      <class name="runner.WebApp">
        <test-method is-config="true" signature="Before()[pri:0, instance:runner.WebApp@8576fa0]" started-at="2022-01-19T11:40:17 IST" name="Before" finished-at="2022-01-19T11:40:46 IST" duration-ms="29409" status="PASS">
          <reporter-output>
          </reporter-output>
        </test-method> <!-- Before -->
        <test-method signature="test1()[pri:1, instance:runner.WebApp@8576fa0]" started-at="2022-01-19T11:40:46 IST" name="test1" finished-at="2022-01-19T11:41:27 IST" duration-ms="40587" status="PASS">
          <reporter-output>
          </reporter-output>
        </test-method> <!-- test1 -->
        <test-method is-config="true" signature="After()[pri:0, instance:runner.WebApp@8576fa0]" started-at="2022-01-19T11:41:27 IST" name="After" finished-at="2022-01-19T11:41:31 IST" duration-ms="4002" status="PASS">
          <reporter-output>
          </reporter-output>
        </test-method> <!-- After -->
        <test-method is-config="true" signature="Before()[pri:0, instance:runner.WebApp@8576fa0]" started-at="2022-01-19T11:41:31 IST" name="Before" finished-at="2022-01-19T11:41:50 IST" duration-ms="19319" status="PASS">
          <reporter-output>
          </reporter-output>
        </test-method> <!-- Before -->
        <test-method signature="test2()[pri:2, instance:runner.WebApp@8576fa0]" started-at="2022-01-19T11:41:50 IST" name="test2" finished-at="2022-01-19T11:42:32 IST" duration-ms="41373" status="PASS">
          <reporter-output>
          </reporter-output>
        </test-method> <!-- test2 -->
        <test-method is-config="true" signature="After()[pri:0, instance:runner.WebApp@8576fa0]" started-at="2022-01-19T11:42:32 IST" name="After" finished-at="2022-01-19T11:42:37 IST" duration-ms="4775" status="PASS">
          <reporter-output>
          </reporter-output>
        </test-method> <!-- After -->
        <test-method is-config="true" signature="Before()[pri:0, instance:runner.WebApp@8576fa0]" started-at="2022-01-19T11:42:37 IST" name="Before" finished-at="2022-01-19T11:42:54 IST" duration-ms="17958" status="PASS">
          <reporter-output>
          </reporter-output>
        </test-method> <!-- Before -->
        <test-method signature="test3()[pri:3, instance:runner.WebApp@8576fa0]" started-at="2022-01-19T11:42:54 IST" name="test3" finished-at="2022-01-19T11:42:55 IST" duration-ms="683" status="PASS">
          <reporter-output>
          </reporter-output>
        </test-method> <!-- test3 -->
        <test-method is-config="true" signature="After()[pri:0, instance:runner.WebApp@8576fa0]" started-at="2022-01-19T11:42:55 IST" name="After" finished-at="2022-01-19T11:42:56 IST" duration-ms="651" status="PASS">
          <reporter-output>
          </reporter-output>
        </test-method> <!-- After -->
        <test-method is-config="true" signature="Before()[pri:0, instance:runner.WebApp@8576fa0]" started-at="2022-01-19T11:42:56 IST" name="Before" finished-at="2022-01-19T11:43:06 IST" duration-ms="9774" status="PASS">
          <reporter-output>
          </reporter-output>
        </test-method> <!-- Before -->
        <test-method signature="test4()[pri:4, instance:runner.WebApp@8576fa0]" started-at="2022-01-19T11:43:06 IST" name="test4" finished-at="2022-01-19T11:43:08 IST" duration-ms="2403" status="PASS">
          <reporter-output>
          </reporter-output>
        </test-method> <!-- test4 -->
        <test-method is-config="true" signature="After()[pri:0, instance:runner.WebApp@8576fa0]" started-at="2022-01-19T11:43:08 IST" name="After" finished-at="2022-01-19T11:43:09 IST" duration-ms="790" status="PASS">
          <reporter-output>
          </reporter-output>
        </test-method> <!-- After -->
        <test-method is-config="true" signature="Before()[pri:0, instance:runner.WebApp@8576fa0]" started-at="2022-01-19T11:43:09 IST" name="Before" finished-at="2022-01-19T11:43:18 IST" duration-ms="8738" status="PASS">
          <reporter-output>
          </reporter-output>
        </test-method> <!-- Before -->
        <test-method signature="test5()[pri:5, instance:runner.WebApp@8576fa0]" started-at="2022-01-19T11:43:18 IST" name="test5" finished-at="2022-01-19T11:44:02 IST" duration-ms="44444" status="PASS">
          <reporter-output>
          </reporter-output>
        </test-method> <!-- test5 -->
        <test-method is-config="true" signature="After()[pri:0, instance:runner.WebApp@8576fa0]" started-at="2022-01-19T11:44:02 IST" name="After" finished-at="2022-01-19T11:44:11 IST" duration-ms="8862" status="PASS">
          <reporter-output>
          </reporter-output>
        </test-method> <!-- After -->
        <test-method is-config="true" signature="Before()[pri:0, instance:runner.WebApp@8576fa0]" started-at="2022-01-19T11:44:11 IST" name="Before" finished-at="2022-01-19T11:44:25 IST" duration-ms="13940" status="PASS">
          <reporter-output>
          </reporter-output>
        </test-method> <!-- Before -->
        <test-method signature="test6()[pri:6, instance:runner.WebApp@8576fa0]" started-at="2022-01-19T11:44:25 IST" name="test6" finished-at="2022-01-19T11:44:43 IST" duration-ms="18423" status="PASS">
          <reporter-output>
          </reporter-output>
        </test-method> <!-- test6 -->
        <test-method is-config="true" signature="After()[pri:0, instance:runner.WebApp@8576fa0]" started-at="2022-01-19T11:44:43 IST" name="After" finished-at="2022-01-19T11:44:44 IST" duration-ms="1097" status="PASS">
          <reporter-output>
          </reporter-output>
        </test-method> <!-- After -->
        <test-method is-config="true" signature="Before()[pri:0, instance:runner.WebApp@8576fa0]" started-at="2022-01-19T11:44:44 IST" name="Before" finished-at="2022-01-19T11:44:57 IST" duration-ms="12888" status="PASS">
          <reporter-output>
          </reporter-output>
        </test-method> <!-- Before -->
        <test-method signature="test7()[pri:7, instance:runner.WebApp@8576fa0]" started-at="2022-01-19T11:44:57 IST" name="test7" finished-at="2022-01-19T11:45:20 IST" duration-ms="23033" status="PASS">
          <reporter-output>
          </reporter-output>
        </test-method> <!-- test7 -->
        <test-method is-config="true" signature="After()[pri:0, instance:runner.WebApp@8576fa0]" started-at="2022-01-19T11:45:20 IST" name="After" finished-at="2022-01-19T11:45:24 IST" duration-ms="3360" status="PASS">
          <reporter-output>
          </reporter-output>
        </test-method> <!-- After -->
        <test-method is-config="true" signature="Before()[pri:0, instance:runner.WebApp@8576fa0]" started-at="2022-01-19T11:45:24 IST" name="Before" finished-at="2022-01-19T11:45:36 IST" duration-ms="11954" status="PASS">
          <reporter-output>
          </reporter-output>
        </test-method> <!-- Before -->
        <test-method signature="test8()[pri:8, instance:runner.WebApp@8576fa0]" started-at="2022-01-19T11:45:36 IST" name="test8" finished-at="2022-01-19T11:46:30 IST" duration-ms="54816" status="PASS">
          <reporter-output>
          </reporter-output>
        </test-method> <!-- test8 -->
        <test-method is-config="true" signature="After()[pri:0, instance:runner.WebApp@8576fa0]" started-at="2022-01-19T11:46:30 IST" name="After" finished-at="2022-01-19T11:46:33 IST" duration-ms="2144" status="PASS">
          <reporter-output>
          </reporter-output>
        </test-method> <!-- After -->
        <test-method is-config="true" signature="Before()[pri:0, instance:runner.WebApp@8576fa0]" started-at="2022-01-19T11:46:33 IST" name="Before" finished-at="2022-01-19T11:46:44 IST" duration-ms="11440" status="PASS">
          <reporter-output>
          </reporter-output>
        </test-method> <!-- Before -->
        <test-method signature="test9()[pri:9, instance:runner.WebApp@8576fa0]" started-at="2022-01-19T11:46:44 IST" name="test9" finished-at="2022-01-19T11:47:26 IST" duration-ms="42247" status="PASS">
          <reporter-output>
          </reporter-output>
        </test-method> <!-- test9 -->
        <test-method is-config="true" signature="After()[pri:0, instance:runner.WebApp@8576fa0]" started-at="2022-01-19T11:47:26 IST" name="After" finished-at="2022-01-19T11:47:28 IST" duration-ms="2113" status="PASS">
          <reporter-output>
          </reporter-output>
        </test-method> <!-- After -->
        <test-method is-config="true" signature="Before()[pri:0, instance:runner.WebApp@8576fa0]" started-at="2022-01-19T11:47:28 IST" name="Before" finished-at="2022-01-19T11:47:40 IST" duration-ms="11602" status="PASS">
          <reporter-output>
          </reporter-output>
        </test-method> <!-- Before -->
        <test-method signature="test10()[pri:10, instance:runner.WebApp@8576fa0]" started-at="2022-01-19T11:47:40 IST" name="test10" finished-at="2022-01-19T11:47:58 IST" duration-ms="17947" status="PASS">
          <reporter-output>
          </reporter-output>
        </test-method> <!-- test10 -->
        <test-method is-config="true" signature="After()[pri:0, instance:runner.WebApp@8576fa0]" started-at="2022-01-19T11:47:58 IST" name="After" finished-at="2022-01-19T11:47:59 IST" duration-ms="870" status="PASS">
          <reporter-output>
          </reporter-output>
        </test-method> <!-- After -->
        <test-method is-config="true" signature="flush()[pri:0, instance:runner.WebApp@8576fa0]" started-at="2022-01-19T11:47:59 IST" name="flush" finished-at="2022-01-19T11:48:00 IST" duration-ms="1105" status="PASS">
          <reporter-output>
          </reporter-output>
        </test-method> <!-- flush -->
      </class> <!-- runner.WebApp -->
    </test> <!-- Default test -->
  </suite> <!-- Default suite -->
</testng-results>
